# JRE version: OpenJDK Runtime Environment (8.0_202-b03) (build 1.8.0_202-release-1483-b03)
# Java VM: OpenJDK 64-Bit Server VM (25.202-b03 mixed mode windows-amd64 compressed oops)
Heap:
 PSYoungGen      total 175104K, used 143928K [0x00000000e0000000, 0x00000000ebb00000, 0x0000000100000000)
  eden space 161792K, 88% used [0x00000000e0000000,0x00000000e8c8e188,0x00000000e9e00000)
  from space 13312K, 0% used [0x00000000ead00000,0x00000000ead00000,0x00000000eba00000)
  to   space 14848K, 0% used [0x00000000e9e00000,0x00000000e9e00000,0x00000000eac80000)
 ParOldGen       total 119808K, used 19235K [0x00000000a0000000, 0x00000000a7500000, 0x00000000e0000000)
  object space 119808K, 16% used [0x00000000a0000000,0x00000000a12c8fb8,0x00000000a7500000)
 Metaspace       used 48570K, capacity 49766K, committed 49960K, reserved 1091584K
  class space    used 6569K, capacity 6908K, committed 6952K, reserved 1048576K
GC Heap History (10 events):
Event: 2.237 GC heap before
{Heap before GC invocations=4 (full 0):
 PSYoungGen      total 57344K, used 40548K [0x00000000e0000000, 0x00000000e7000000, 0x0000000100000000)
  eden space 49152K, 65% used [0x00000000e0000000,0x00000000e1fa0848,0x00000000e3000000)
  from space 8192K, 99% used [0x00000000e3000000,0x00000000e37f8808,0x00000000e3800000)
  to   space 8192K, 0% used [0x00000000e6800000,0x00000000e6800000,0x00000000e7000000)
 ParOldGen       total 131072K, used 1753K [0x00000000a0000000, 0x00000000a8000000, 0x00000000e0000000)
  object space 131072K, 1% used [0x00000000a0000000,0x00000000a01b6700,0x00000000a8000000)
 Metaspace       used 20688K, capacity 21150K, committed 21296K, reserved 1067008K
  class space    used 2955K, capacity 3119K, committed 3200K, reserved 1048576K
Event: 2.260 GC heap after
Heap after GC invocations=4 (full 0):
 PSYoungGen      total 106496K, used 8168K [0x00000000e0000000, 0x00000000e7000000, 0x0000000100000000)
  eden space 98304K, 0% used [0x00000000e0000000,0x00000000e0000000,0x00000000e6000000)
  from space 8192K, 99% used [0x00000000e6800000,0x00000000e6ffa0c8,0x00000000e7000000)
  to   space 8192K, 0% used [0x00000000e6000000,0x00000000e6000000,0x00000000e6800000)
 ParOldGen       total 131072K, used 3766K [0x00000000a0000000, 0x00000000a8000000, 0x00000000e0000000)
  object space 131072K, 2% used [0x00000000a0000000,0x00000000a03ad928,0x00000000a8000000)
 Metaspace       used 20688K, capacity 21150K, committed 21296K, reserved 1067008K
  class space    used 2955K, capacity 3119K, committed 3200K, reserved 1048576K
}
Event: 2.260 GC heap before
{Heap before GC invocations=5 (full 1):
 PSYoungGen      total 106496K, used 8168K [0x00000000e0000000, 0x00000000e7000000, 0x0000000100000000)
  eden space 98304K, 0% used [0x00000000e0000000,0x00000000e0000000,0x00000000e6000000)
  from space 8192K, 99% used [0x00000000e6800000,0x00000000e6ffa0c8,0x00000000e7000000)
  to   space 8192K, 0% used [0x00000000e6000000,0x00000000e6000000,0x00000000e6800000)
 ParOldGen       total 131072K, used 3766K [0x00000000a0000000, 0x00000000a8000000, 0x00000000e0000000)
  object space 131072K, 2% used [0x00000000a0000000,0x00000000a03ad928,0x00000000a8000000)
 Metaspace       used 20688K, capacity 21150K, committed 21296K, reserved 1067008K
  class space    used 2955K, capacity 3119K, committed 3200K, reserved 1048576K
Event: 2.297 GC heap after
Heap after GC invocations=5 (full 1):
 PSYoungGen      total 106496K, used 0K [0x00000000e0000000, 0x00000000e7000000, 0x0000000100000000)
  eden space 98304K, 0% used [0x00000000e0000000,0x00000000e0000000,0x00000000e6000000)
  from space 8192K, 0% used [0x00000000e6800000,0x00000000e6800000,0x00000000e7000000)
  to   space 8192K, 0% used [0x00000000e6000000,0x00000000e6000000,0x00000000e6800000)
 ParOldGen       total 77312K, used 9914K [0x00000000a0000000, 0x00000000a4b80000, 0x00000000e0000000)
  object space 77312K, 12% used [0x00000000a0000000,0x00000000a09aeab0,0x00000000a4b80000)
 Metaspace       used 20688K, capacity 21150K, committed 21296K, reserved 1067008K
  class space    used 2955K, capacity 3119K, committed 3200K, reserved 1048576K
}
Event: 3.107 GC heap before
{Heap before GC invocations=6 (full 1):
 PSYoungGen      total 106496K, used 98304K [0x00000000e0000000, 0x00000000e7000000, 0x0000000100000000)
  eden space 98304K, 100% used [0x00000000e0000000,0x00000000e6000000,0x00000000e6000000)
  from space 8192K, 0% used [0x00000000e6800000,0x00000000e6800000,0x00000000e7000000)
  to   space 8192K, 0% used [0x00000000e6000000,0x00000000e6000000,0x00000000e6800000)
 ParOldGen       total 77312K, used 9914K [0x00000000a0000000, 0x00000000a4b80000, 0x00000000e0000000)
  object space 77312K, 12% used [0x00000000a0000000,0x00000000a09aeab0,0x00000000a4b80000)
 Metaspace       used 30343K, capacity 30806K, committed 30976K, reserved 1075200K
  class space    used 4135K, capacity 4300K, committed 4352K, reserved 1048576K
Event: 3.125 GC heap after
Heap after GC invocations=6 (full 1):
 PSYoungGen      total 106496K, used 8166K [0x00000000e0000000, 0x00000000eba00000, 0x0000000100000000)
  eden space 98304K, 0% used [0x00000000e0000000,0x00000000e0000000,0x00000000e6000000)
  from space 8192K, 99% used [0x00000000e6000000,0x00000000e67f9ba0,0x00000000e6800000)
  to   space 13312K, 0% used [0x00000000ead00000,0x00000000ead00000,0x00000000eba00000)
 ParOldGen       total 77312K, used 12187K [0x00000000a0000000, 0x00000000a4b80000, 0x00000000e0000000)
  object space 77312K, 15% used [0x00000000a0000000,0x00000000a0be6cb0,0x00000000a4b80000)
 Metaspace       used 30343K, capacity 30806K, committed 30976K, reserved 1075200K
  class space    used 4135K, capacity 4300K, committed 4352K, reserved 1048576K
}
Event: 3.752 GC heap before
{Heap before GC invocations=7 (full 1):
 PSYoungGen      total 106496K, used 94043K [0x00000000e0000000, 0x00000000eba00000, 0x0000000100000000)
  eden space 98304K, 87% used [0x00000000e0000000,0x00000000e53dd0c8,0x00000000e6000000)
  from space 8192K, 99% used [0x00000000e6000000,0x00000000e67f9ba0,0x00000000e6800000)
  to   space 13312K, 0% used [0x00000000ead00000,0x00000000ead00000,0x00000000eba00000)
 ParOldGen       total 77312K, used 12187K [0x00000000a0000000, 0x00000000a4b80000, 0x00000000e0000000)
  object space 77312K, 15% used [0x00000000a0000000,0x00000000a0be6cb0,0x00000000a4b80000)
 Metaspace       used 34621K, capacity 35426K, committed 35496K, reserved 1079296K
  class space    used 4786K, capacity 5004K, committed 5032K, reserved 1048576K
Event: 3.765 GC heap after
Heap after GC invocations=7 (full 1):
 PSYoungGen      total 175104K, used 12491K [0x00000000e0000000, 0x00000000ebb00000, 0x0000000100000000)
  eden space 161792K, 0% used [0x00000000e0000000,0x00000000e0000000,0x00000000e9e00000)
  from space 13312K, 93% used [0x00000000ead00000,0x00000000eb932ef8,0x00000000eba00000)
  to   space 14848K, 0% used [0x00000000e9e00000,0x00000000e9e00000,0x00000000eac80000)
 ParOldGen       total 77312K, used 12195K [0x00000000a0000000, 0x00000000a4b80000, 0x00000000e0000000)
  object space 77312K, 15% used [0x00000000a0000000,0x00000000a0be8cb0,0x00000000a4b80000)
 Metaspace       used 34621K, capacity 35426K, committed 35496K, reserved 1079296K
  class space    used 4786K, capacity 5004K, committed 5032K, reserved 1048576K
}
Event: 3.765 GC heap before
{Heap before GC invocations=8 (full 2):
 PSYoungGen      total 175104K, used 12491K [0x00000000e0000000, 0x00000000ebb00000, 0x0000000100000000)
  eden space 161792K, 0% used [0x00000000e0000000,0x00000000e0000000,0x00000000e9e00000)
  from space 13312K, 93% used [0x00000000ead00000,0x00000000eb932ef8,0x00000000eba00000)
  to   space 14848K, 0% used [0x00000000e9e00000,0x00000000e9e00000,0x00000000eac80000)
 ParOldGen       total 77312K, used 12195K [0x00000000a0000000, 0x00000000a4b80000, 0x00000000e0000000)
  object space 77312K, 15% used [0x00000000a0000000,0x00000000a0be8cb0,0x00000000a4b80000)
 Metaspace       used 34621K, capacity 35426K, committed 35496K, reserved 1079296K
  class space    used 4786K, capacity 5004K, committed 5032K, reserved 1048576K
Event: 3.832 GC heap after
Heap after GC invocations=8 (full 2):
 PSYoungGen      total 175104K, used 0K [0x00000000e0000000, 0x00000000ebb00000, 0x0000000100000000)
  eden space 161792K, 0% used [0x00000000e0000000,0x00000000e0000000,0x00000000e9e00000)
  from space 13312K, 0% used [0x00000000ead00000,0x00000000ead00000,0x00000000eba00000)
  to   space 14848K, 0% used [0x00000000e9e00000,0x00000000e9e00000,0x00000000eac80000)
 ParOldGen       total 119808K, used 19235K [0x00000000a0000000, 0x00000000a7500000, 0x00000000e0000000)
  object space 119808K, 16% used [0x00000000a0000000,0x00000000a12c8fb8,0x00000000a7500000)
 Metaspace       used 34596K, capacity 35342K, committed 35496K, reserved 1079296K
  class space    used 4779K, capacity 4990K, committed 5032K, reserved 1048576K
}

