# JRE version: OpenJDK Runtime Environment (8.0_202-b03) (build 1.8.0_202-release-1483-b03)
# Java VM: OpenJDK 64-Bit Server VM (25.202-b03 mixed mode windows-amd64 compressed oops)
Heap:
 PSYoungGen      total 106496K, used 74223K [0x00000000e0000000, 0x00000000eae00000, 0x0000000100000000)
  eden space 98304K, 67% used [0x00000000e0000000,0x00000000e407ca90,0x00000000e6000000)
  from space 8192K, 99% used [0x00000000e6000000,0x00000000e67ff278,0x00000000e6800000)
  to   space 13312K, 0% used [0x00000000ea100000,0x00000000ea100000,0x00000000eae00000)
 ParOldGen       total 84480K, used 12547K [0x00000000a0000000, 0x00000000a5280000, 0x00000000e0000000)
  object space 84480K, 14% used [0x00000000a0000000,0x00000000a0c40ea0,0x00000000a5280000)
 Metaspace       used 33743K, capacity 34658K, committed 34944K, reserved 1079296K
  class space    used 4675K, capacity 4881K, committed 4992K, reserved 1048576K
GC Heap History (10 events):
Event: 1.507 GC heap before
{Heap before GC invocations=2 (full 0):
 PSYoungGen      total 57344K, used 54294K [0x00000000e0000000, 0x00000000e4000000, 0x0000000100000000)
  eden space 49152K, 100% used [0x00000000e0000000,0x00000000e3000000,0x00000000e3000000)
  from space 8192K, 62% used [0x00000000e3000000,0x00000000e3505b48,0x00000000e3800000)
  to   space 8192K, 0% used [0x00000000e3800000,0x00000000e3800000,0x00000000e4000000)
 ParOldGen       total 131072K, used 16K [0x00000000a0000000, 0x00000000a8000000, 0x00000000e0000000)
  object space 131072K, 0% used [0x00000000a0000000,0x00000000a0004000,0x00000000a8000000)
 Metaspace       used 13019K, capacity 13402K, committed 13568K, reserved 1060864K
  class space    used 1794K, capacity 1931K, committed 2048K, reserved 1048576K
Event: 1.513 GC heap after
Heap after GC invocations=2 (full 0):
 PSYoungGen      total 57344K, used 7578K [0x00000000e0000000, 0x00000000e4000000, 0x0000000100000000)
  eden space 49152K, 0% used [0x00000000e0000000,0x00000000e0000000,0x00000000e3000000)
  from space 8192K, 92% used [0x00000000e3800000,0x00000000e3f66b70,0x00000000e4000000)
  to   space 8192K, 0% used [0x00000000e3000000,0x00000000e3000000,0x00000000e3800000)
 ParOldGen       total 131072K, used 24K [0x00000000a0000000, 0x00000000a8000000, 0x00000000e0000000)
  object space 131072K, 0% used [0x00000000a0000000,0x00000000a0006000,0x00000000a8000000)
 Metaspace       used 13019K, capacity 13402K, committed 13568K, reserved 1060864K
  class space    used 1794K, capacity 1931K, committed 2048K, reserved 1048576K
}
Event: 1.869 GC heap before
{Heap before GC invocations=3 (full 0):
 PSYoungGen      total 57344K, used 56730K [0x00000000e0000000, 0x00000000e4000000, 0x0000000100000000)
  eden space 49152K, 100% used [0x00000000e0000000,0x00000000e3000000,0x00000000e3000000)
  from space 8192K, 92% used [0x00000000e3800000,0x00000000e3f66b70,0x00000000e4000000)
  to   space 8192K, 0% used [0x00000000e3000000,0x00000000e3000000,0x00000000e3800000)
 ParOldGen       total 131072K, used 24K [0x00000000a0000000, 0x00000000a8000000, 0x00000000e0000000)
  object space 131072K, 0% used [0x00000000a0000000,0x00000000a0006000,0x00000000a8000000)
 Metaspace       used 17143K, capacity 17552K, committed 17792K, reserved 1064960K
  class space    used 2480K, capacity 2616K, committed 2688K, reserved 1048576K
Event: 1.878 GC heap after
Heap after GC invocations=3 (full 0):
 PSYoungGen      total 57344K, used 8179K [0x00000000e0000000, 0x00000000e7000000, 0x0000000100000000)
  eden space 49152K, 0% used [0x00000000e0000000,0x00000000e0000000,0x00000000e3000000)
  from space 8192K, 99% used [0x00000000e3000000,0x00000000e37fcf80,0x00000000e3800000)
  to   space 8192K, 0% used [0x00000000e6800000,0x00000000e6800000,0x00000000e7000000)
 ParOldGen       total 131072K, used 1686K [0x00000000a0000000, 0x00000000a8000000, 0x00000000e0000000)
  object space 131072K, 1% used [0x00000000a0000000,0x00000000a01a59e0,0x00000000a8000000)
 Metaspace       used 17143K, capacity 17552K, committed 17792K, reserved 1064960K
  class space    used 2480K, capacity 2616K, committed 2688K, reserved 1048576K
}
Event: 2.294 GC heap before
{Heap before GC invocations=4 (full 0):
 PSYoungGen      total 57344K, used 42002K [0x00000000e0000000, 0x00000000e7000000, 0x0000000100000000)
  eden space 49152K, 68% used [0x00000000e0000000,0x00000000e2107b98,0x00000000e3000000)
  from space 8192K, 99% used [0x00000000e3000000,0x00000000e37fcf80,0x00000000e3800000)
  to   space 8192K, 0% used [0x00000000e6800000,0x00000000e6800000,0x00000000e7000000)
 ParOldGen       total 131072K, used 1686K [0x00000000a0000000, 0x00000000a8000000, 0x00000000e0000000)
  object space 131072K, 1% used [0x00000000a0000000,0x00000000a01a59e0,0x00000000a8000000)
 Metaspace       used 20718K, capacity 21176K, committed 21296K, reserved 1067008K
  class space    used 2963K, capacity 3125K, committed 3200K, reserved 1048576K
Event: 2.302 GC heap after
Heap after GC invocations=4 (full 0):
 PSYoungGen      total 106496K, used 8174K [0x00000000e0000000, 0x00000000e7000000, 0x0000000100000000)
  eden space 98304K, 0% used [0x00000000e0000000,0x00000000e0000000,0x00000000e6000000)
  from space 8192K, 99% used [0x00000000e6800000,0x00000000e6ffbbd0,0x00000000e7000000)
  to   space 8192K, 0% used [0x00000000e6000000,0x00000000e6000000,0x00000000e6800000)
 ParOldGen       total 131072K, used 3894K [0x00000000a0000000, 0x00000000a8000000, 0x00000000e0000000)
  object space 131072K, 2% used [0x00000000a0000000,0x00000000a03cdbd0,0x00000000a8000000)
 Metaspace       used 20718K, capacity 21176K, committed 21296K, reserved 1067008K
  class space    used 2963K, capacity 3125K, committed 3200K, reserved 1048576K
}
Event: 2.302 GC heap before
{Heap before GC invocations=5 (full 1):
 PSYoungGen      total 106496K, used 8174K [0x00000000e0000000, 0x00000000e7000000, 0x0000000100000000)
  eden space 98304K, 0% used [0x00000000e0000000,0x00000000e0000000,0x00000000e6000000)
  from space 8192K, 99% used [0x00000000e6800000,0x00000000e6ffbbd0,0x00000000e7000000)
  to   space 8192K, 0% used [0x00000000e6000000,0x00000000e6000000,0x00000000e6800000)
 ParOldGen       total 131072K, used 3894K [0x00000000a0000000, 0x00000000a8000000, 0x00000000e0000000)
  object space 131072K, 2% used [0x00000000a0000000,0x00000000a03cdbd0,0x00000000a8000000)
 Metaspace       used 20718K, capacity 21176K, committed 21296K, reserved 1067008K
  class space    used 2963K, capacity 3125K, committed 3200K, reserved 1048576K
Event: 2.327 GC heap after
Heap after GC invocations=5 (full 1):
 PSYoungGen      total 106496K, used 0K [0x00000000e0000000, 0x00000000e7000000, 0x0000000100000000)
  eden space 98304K, 0% used [0x00000000e0000000,0x00000000e0000000,0x00000000e6000000)
  from space 8192K, 0% used [0x00000000e6800000,0x00000000e6800000,0x00000000e7000000)
  to   space 8192K, 0% used [0x00000000e6000000,0x00000000e6000000,0x00000000e6800000)
 ParOldGen       total 84480K, used 10106K [0x00000000a0000000, 0x00000000a5280000, 0x00000000e0000000)
  object space 84480K, 11% used [0x00000000a0000000,0x00000000a09dea08,0x00000000a5280000)
 Metaspace       used 20718K, capacity 21176K, committed 21296K, reserved 1067008K
  class space    used 2963K, capacity 3125K, committed 3200K, reserved 1048576K
}
Event: 3.096 GC heap before
{Heap before GC invocations=6 (full 1):
 PSYoungGen      total 106496K, used 98304K [0x00000000e0000000, 0x00000000e7000000, 0x0000000100000000)
  eden space 98304K, 100% used [0x00000000e0000000,0x00000000e6000000,0x00000000e6000000)
  from space 8192K, 0% used [0x00000000e6800000,0x00000000e6800000,0x00000000e7000000)
  to   space 8192K, 0% used [0x00000000e6000000,0x00000000e6000000,0x00000000e6800000)
 ParOldGen       total 84480K, used 10106K [0x00000000a0000000, 0x00000000a5280000, 0x00000000e0000000)
  object space 84480K, 11% used [0x00000000a0000000,0x00000000a09dea08,0x00000000a5280000)
 Metaspace       used 30249K, capacity 30798K, committed 31104K, reserved 1075200K
  class space    used 4206K, capacity 4404K, committed 4480K, reserved 1048576K
Event: 3.105 GC heap after
Heap after GC invocations=6 (full 1):
 PSYoungGen      total 106496K, used 8188K [0x00000000e0000000, 0x00000000eae00000, 0x0000000100000000)
  eden space 98304K, 0% used [0x00000000e0000000,0x00000000e0000000,0x00000000e6000000)
  from space 8192K, 99% used [0x00000000e6000000,0x00000000e67ff278,0x00000000e6800000)
  to   space 13312K, 0% used [0x00000000ea100000,0x00000000ea100000,0x00000000eae00000)
 ParOldGen       total 84480K, used 12547K [0x00000000a0000000, 0x00000000a5280000, 0x00000000e0000000)
  object space 84480K, 14% used [0x00000000a0000000,0x00000000a0c40ea0,0x00000000a5280000)
 Metaspace       used 30249K, capacity 30798K, committed 31104K, reserved 1075200K
  class space    used 4206K, capacity 4404K, committed 4480K, reserved 1048576K
}

