# JRE version: OpenJDK Runtime Environment (8.0_202-b03) (build 1.8.0_202-release-1483-b03)
# Java VM: OpenJDK 64-Bit Server VM (25.202-b03 mixed mode windows-amd64 compressed oops)
Heap:
 PSYoungGen      total 249344K, used 20835K [0x00000000e0000000, 0x00000000f0c00000, 0x0000000100000000)
  eden space 225792K, 5% used [0x00000000e0000000,0x00000000e0b19a98,0x00000000edc80000)
  from space 23552K, 40% used [0x00000000ede00000,0x00000000ee73f1f0,0x00000000ef500000)
  to   space 20480K, 0% used [0x00000000ef800000,0x00000000ef800000,0x00000000f0c00000)
 ParOldGen       total 143872K, used 54872K [0x00000000a0000000, 0x00000000a8c80000, 0x00000000e0000000)
  object space 143872K, 38% used [0x00000000a0000000,0x00000000a35961f0,0x00000000a8c80000)
 Metaspace       used 76732K, capacity 79797K, committed 80000K, reserved 1118208K
  class space    used 9941K, capacity 10574K, committed 10624K, reserved 1048576K
GC Heap History (10 events):
Event: 16.069 GC heap before
{Heap before GC invocations=11 (full 2):
 PSYoungGen      total 140288K, used 126912K [0x00000000e0000000, 0x00000000eab00000, 0x0000000100000000)
  eden space 126976K, 99% used [0x00000000e0000000,0x00000000e7bf03c8,0x00000000e7c00000)
  from space 13312K, 0% used [0x00000000e8880000,0x00000000e8880000,0x00000000e9580000)
  to   space 12800K, 0% used [0x00000000e7c00000,0x00000000e7c00000,0x00000000e8880000)
 ParOldGen       total 96256K, used 14993K [0x00000000a0000000, 0x00000000a5e00000, 0x00000000e0000000)
  object space 96256K, 15% used [0x00000000a0000000,0x00000000a0ea45c0,0x00000000a5e00000)
 Metaspace       used 47442K, capacity 48829K, committed 49152K, reserved 1091584K
  class space    used 6325K, capacity 6634K, committed 6656K, reserved 1048576K
Event: 16.085 GC heap after
Heap after GC invocations=11 (full 2):
 PSYoungGen      total 139776K, used 12776K [0x00000000e0000000, 0x00000000ed680000, 0x0000000100000000)
  eden space 126976K, 0% used [0x00000000e0000000,0x00000000e0000000,0x00000000e7c00000)
  from space 12800K, 99% used [0x00000000e7c00000,0x00000000e887a320,0x00000000e8880000)
  to   space 16384K, 0% used [0x00000000ec680000,0x00000000ec680000,0x00000000ed680000)
 ParOldGen       total 96256K, used 19975K [0x00000000a0000000, 0x00000000a5e00000, 0x00000000e0000000)
  object space 96256K, 20% used [0x00000000a0000000,0x00000000a1381de8,0x00000000a5e00000)
 Metaspace       used 47442K, capacity 48829K, committed 49152K, reserved 1091584K
  class space    used 6325K, capacity 6634K, committed 6656K, reserved 1048576K
}
Event: 18.776 GC heap before
{Heap before GC invocations=12 (full 2):
 PSYoungGen      total 139776K, used 139455K [0x00000000e0000000, 0x00000000ed680000, 0x0000000100000000)
  eden space 126976K, 99% used [0x00000000e0000000,0x00000000e7bb5cd8,0x00000000e7c00000)
  from space 12800K, 99% used [0x00000000e7c00000,0x00000000e887a320,0x00000000e8880000)
  to   space 16384K, 0% used [0x00000000ec680000,0x00000000ec680000,0x00000000ed680000)
 ParOldGen       total 96256K, used 19975K [0x00000000a0000000, 0x00000000a5e00000, 0x00000000e0000000)
  object space 96256K, 20% used [0x00000000a0000000,0x00000000a1381de8,0x00000000a5e00000)
 Metaspace       used 57064K, capacity 59011K, committed 59136K, reserved 1099776K
  class space    used 7663K, capacity 8099K, committed 8192K, reserved 1048576K
Event: 18.804 GC heap after
Heap after GC invocations=12 (full 2):
 PSYoungGen      total 199680K, used 16373K [0x00000000e0000000, 0x00000000edb00000, 0x0000000100000000)
  eden space 183296K, 0% used [0x00000000e0000000,0x00000000e0000000,0x00000000eb300000)
  from space 16384K, 99% used [0x00000000ec680000,0x00000000ed67d420,0x00000000ed680000)
  to   space 19968K, 0% used [0x00000000eb300000,0x00000000eb300000,0x00000000ec680000)
 ParOldGen       total 96256K, used 25529K [0x00000000a0000000, 0x00000000a5e00000, 0x00000000e0000000)
  object space 96256K, 26% used [0x00000000a0000000,0x00000000a18ee610,0x00000000a5e00000)
 Metaspace       used 57064K, capacity 59011K, committed 59136K, reserved 1099776K
  class space    used 7663K, capacity 8099K, committed 8192K, reserved 1048576K
}
Event: 18.804 GC heap before
{Heap before GC invocations=13 (full 3):
 PSYoungGen      total 199680K, used 16373K [0x00000000e0000000, 0x00000000edb00000, 0x0000000100000000)
  eden space 183296K, 0% used [0x00000000e0000000,0x00000000e0000000,0x00000000eb300000)
  from space 16384K, 99% used [0x00000000ec680000,0x00000000ed67d420,0x00000000ed680000)
  to   space 19968K, 0% used [0x00000000eb300000,0x00000000eb300000,0x00000000ec680000)
 ParOldGen       total 96256K, used 25529K [0x00000000a0000000, 0x00000000a5e00000, 0x00000000e0000000)
  object space 96256K, 26% used [0x00000000a0000000,0x00000000a18ee610,0x00000000a5e00000)
 Metaspace       used 57064K, capacity 59011K, committed 59136K, reserved 1099776K
  class space    used 7663K, capacity 8099K, committed 8192K, reserved 1048576K
Event: 19.291 GC heap after
Heap after GC invocations=13 (full 3):
 PSYoungGen      total 199680K, used 0K [0x00000000e0000000, 0x00000000edb00000, 0x0000000100000000)
  eden space 183296K, 0% used [0x00000000e0000000,0x00000000e0000000,0x00000000eb300000)
  from space 16384K, 0% used [0x00000000ec680000,0x00000000ec680000,0x00000000ed680000)
  to   space 19968K, 0% used [0x00000000eb300000,0x00000000eb300000,0x00000000ec680000)
 ParOldGen       total 143872K, used 35893K [0x00000000a0000000, 0x00000000a8c80000, 0x00000000e0000000)
  object space 143872K, 24% used [0x00000000a0000000,0x00000000a230d710,0x00000000a8c80000)
 Metaspace       used 57005K, capacity 58805K, committed 59136K, reserved 1099776K
  class space    used 7646K, capacity 8068K, committed 8192K, reserved 1048576K
}
Event: 25.258 GC heap before
{Heap before GC invocations=14 (full 3):
 PSYoungGen      total 199680K, used 183296K [0x00000000e0000000, 0x00000000edb00000, 0x0000000100000000)
  eden space 183296K, 100% used [0x00000000e0000000,0x00000000eb300000,0x00000000eb300000)
  from space 16384K, 0% used [0x00000000ec680000,0x00000000ec680000,0x00000000ed680000)
  to   space 19968K, 0% used [0x00000000eb300000,0x00000000eb300000,0x00000000ec680000)
 ParOldGen       total 143872K, used 35893K [0x00000000a0000000, 0x00000000a8c80000, 0x00000000e0000000)
  object space 143872K, 24% used [0x00000000a0000000,0x00000000a230d710,0x00000000a8c80000)
 Metaspace       used 65097K, capacity 67525K, committed 67712K, reserved 1107968K
  class space    used 8803K, capacity 9304K, committed 9344K, reserved 1048576K
Event: 25.291 GC heap after
Heap after GC invocations=14 (full 3):
 PSYoungGen      total 203264K, used 14024K [0x00000000e0000000, 0x00000000f0c00000, 0x0000000100000000)
  eden space 183296K, 0% used [0x00000000e0000000,0x00000000e0000000,0x00000000eb300000)
  from space 19968K, 70% used [0x00000000eb300000,0x00000000ec0b2140,0x00000000ec680000)
  to   space 20480K, 0% used [0x00000000ef800000,0x00000000ef800000,0x00000000f0c00000)
 ParOldGen       total 143872K, used 35901K [0x00000000a0000000, 0x00000000a8c80000, 0x00000000e0000000)
  object space 143872K, 24% used [0x00000000a0000000,0x00000000a230f710,0x00000000a8c80000)
 Metaspace       used 65097K, capacity 67525K, committed 67712K, reserved 1107968K
  class space    used 8803K, capacity 9304K, committed 9344K, reserved 1048576K
}
Event: 1145.239 GC heap before
{Heap before GC invocations=15 (full 3):
 PSYoungGen      total 203264K, used 197320K [0x00000000e0000000, 0x00000000f0c00000, 0x0000000100000000)
  eden space 183296K, 100% used [0x00000000e0000000,0x00000000eb300000,0x00000000eb300000)
  from space 19968K, 70% used [0x00000000eb300000,0x00000000ec0b2140,0x00000000ec680000)
  to   space 20480K, 0% used [0x00000000ef800000,0x00000000ef800000,0x00000000f0c00000)
 ParOldGen       total 143872K, used 35901K [0x00000000a0000000, 0x00000000a8c80000, 0x00000000e0000000)
  object space 143872K, 24% used [0x00000000a0000000,0x00000000a230f710,0x00000000a8c80000)
 Metaspace       used 72458K, capacity 75399K, committed 75520K, reserved 1114112K
  class space    used 9508K, capacity 10135K, committed 10240K, reserved 1048576K
Event: 1145.259 GC heap after
Heap after GC invocations=15 (full 3):
 PSYoungGen      total 246272K, used 20448K [0x00000000e0000000, 0x00000000f0c00000, 0x0000000100000000)
  eden space 225792K, 0% used [0x00000000e0000000,0x00000000e0000000,0x00000000edc80000)
  from space 20480K, 99% used [0x00000000ef800000,0x00000000f0bf8218,0x00000000f0c00000)
  to   space 23552K, 0% used [0x00000000ede00000,0x00000000ede00000,0x00000000ef500000)
 ParOldGen       total 143872K, used 37670K [0x00000000a0000000, 0x00000000a8c80000, 0x00000000e0000000)
  object space 143872K, 26% used [0x00000000a0000000,0x00000000a24c98d0,0x00000000a8c80000)
 Metaspace       used 72458K, capacity 75399K, committed 75520K, reserved 1114112K
  class space    used 9508K, capacity 10135K, committed 10240K, reserved 1048576K
}

